<?xml version="1.0" encoding="UTF-8"?>
<testsuite xmlns:xsi="http://www.w3.org/2001/XMLSchema-instance" xsi:noNamespaceSchemaLocation="https://maven.apache.org/surefire/maven-surefire-plugin/xsd/surefire-test-report-3.0.xsd" version="3.0" name="isel.sisinf.AppTest" time="0.07" tests="1" errors="0" skipped="0" failures="0">
  <properties>
    <property name="java.specification.version" value="21"/>
    <property name="sun.cpu.isalist" value="amd64"/>
    <property name="sun.jnu.encoding" value="Cp1252"/>
    <property name="java.class.path" value="D:\MyStuff\ISEL\SisInf\Trabalho\SisInf\scooter\cites-project\app\target\test-classes;D:\MyStuff\ISEL\SisInf\Trabalho\SisInf\scooter\cites-project\app\target\classes;C:\Users\FernandoDuarte\.m2\repository\junit\junit\4.13.1\junit-4.13.1.jar;C:\Users\FernandoDuarte\.m2\repository\org\hamcrest\hamcrest-core\1.3\hamcrest-core-1.3.jar;D:\MyStuff\ISEL\SisInf\Trabalho\SisInf\scooter\cites-project\dal\target\dal-1.0-SNAPSHOT.jar;C:\Users\FernandoDuarte\.m2\repository\org\eclipse\persistence\eclipselink\4.0.6\eclipselink-4.0.6.jar;C:\Users\FernandoDuarte\.m2\repository\jakarta\xml\bind\jakarta.xml.bind-api\4.0.2\jakarta.xml.bind-api-4.0.2.jar;C:\Users\FernandoDuarte\.m2\repository\com\sun\xml\bind\jaxb-xjc\4.0.5\jaxb-xjc-4.0.5.jar;C:\Users\FernandoDuarte\.m2\repository\com\sun\xml\bind\jaxb-core\4.0.5\jaxb-core-4.0.5.jar;C:\Users\FernandoDuarte\.m2\repository\org\eclipse\angus\angus-activation\2.0.2\angus-activation-2.0.2.jar;C:\Users\FernandoDuarte\.m2\repository\jakarta\activation\jakarta.activation-api\2.1.3\jakarta.activation-api-2.1.3.jar;C:\Users\FernandoDuarte\.m2\repository\org\postgresql\postgresql\42.7.5\postgresql-42.7.5.jar;C:\Users\FernandoDuarte\.m2\repository\org\checkerframework\checker-qual\3.48.3\checker-qual-3.48.3.jar;D:\MyStuff\ISEL\SisInf\Trabalho\SisInf\scooter\cites-project\model\target\model-1.0-SNAPSHOT.jar;C:\Users\FernandoDuarte\.m2\repository\jakarta\persistence\jakarta.persistence-api\3.1.0\jakarta.persistence-api-3.1.0.jar;"/>
    <property name="java.vm.vendor" value="Amazon.com Inc."/>
    <property name="sun.arch.data.model" value="64"/>
    <property name="user.variant" value=""/>
    <property name="java.vendor.url" value="https://aws.amazon.com/corretto/"/>
    <property name="user.timezone" value="Europe/Lisbon"/>
    <property name="os.name" value="Windows 10"/>
    <property name="java.vm.specification.version" value="21"/>
    <property name="sun.java.launcher" value="SUN_STANDARD"/>
    <property name="user.country" value="PT"/>
    <property name="sun.boot.library.path" value="C:\Program Files\Amazon Corretto\jdk21.0.6_7\bin"/>
    <property name="sun.java.command" value="C:\Users\FernandoDuarte\AppData\Local\Temp\surefire18134648944172505511\surefirebooter-20250602180848180_9.jar C:\Users\FernandoDuarte\AppData\Local\Temp\surefire18134648944172505511 2025-06-02T18-08-43_743-jvmRun1 surefire-20250602180848180_7tmp surefire_2-20250602180848180_8tmp"/>
    <property name="jdk.debug" value="release"/>
    <property name="surefire.test.class.path" value="D:\MyStuff\ISEL\SisInf\Trabalho\SisInf\scooter\cites-project\app\target\test-classes;D:\MyStuff\ISEL\SisInf\Trabalho\SisInf\scooter\cites-project\app\target\classes;C:\Users\FernandoDuarte\.m2\repository\junit\junit\4.13.1\junit-4.13.1.jar;C:\Users\FernandoDuarte\.m2\repository\org\hamcrest\hamcrest-core\1.3\hamcrest-core-1.3.jar;D:\MyStuff\ISEL\SisInf\Trabalho\SisInf\scooter\cites-project\dal\target\dal-1.0-SNAPSHOT.jar;C:\Users\FernandoDuarte\.m2\repository\org\eclipse\persistence\eclipselink\4.0.6\eclipselink-4.0.6.jar;C:\Users\FernandoDuarte\.m2\repository\jakarta\xml\bind\jakarta.xml.bind-api\4.0.2\jakarta.xml.bind-api-4.0.2.jar;C:\Users\FernandoDuarte\.m2\repository\com\sun\xml\bind\jaxb-xjc\4.0.5\jaxb-xjc-4.0.5.jar;C:\Users\FernandoDuarte\.m2\repository\com\sun\xml\bind\jaxb-core\4.0.5\jaxb-core-4.0.5.jar;C:\Users\FernandoDuarte\.m2\repository\org\eclipse\angus\angus-activation\2.0.2\angus-activation-2.0.2.jar;C:\Users\FernandoDuarte\.m2\repository\jakarta\activation\jakarta.activation-api\2.1.3\jakarta.activation-api-2.1.3.jar;C:\Users\FernandoDuarte\.m2\repository\org\postgresql\postgresql\42.7.5\postgresql-42.7.5.jar;C:\Users\FernandoDuarte\.m2\repository\org\checkerframework\checker-qual\3.48.3\checker-qual-3.48.3.jar;D:\MyStuff\ISEL\SisInf\Trabalho\SisInf\scooter\cites-project\model\target\model-1.0-SNAPSHOT.jar;C:\Users\FernandoDuarte\.m2\repository\jakarta\persistence\jakarta.persistence-api\3.1.0\jakarta.persistence-api-3.1.0.jar;"/>
    <property name="sun.cpu.endian" value="little"/>
    <property name="user.home" value="C:\Users\FernandoDuarte"/>
    <property name="user.language" value="pt"/>
    <property name="java.specification.vendor" value="Oracle Corporation"/>
    <property name="java.version.date" value="2025-01-21"/>
    <property name="java.home" value="C:\Program Files\Amazon Corretto\jdk21.0.6_7"/>
    <property name="file.separator" value="\"/>
    <property name="basedir" value="D:\MyStuff\ISEL\SisInf\Trabalho\SisInf\scooter\cites-project\app"/>
    <property name="java.vm.compressedOopsMode" value="Zero based"/>
    <property name="line.separator" value="&#10;"/>
    <property name="java.vm.specification.vendor" value="Oracle Corporation"/>
    <property name="java.specification.name" value="Java Platform API Specification"/>
    <property name="surefire.real.class.path" value="C:\Users\FernandoDuarte\AppData\Local\Temp\surefire18134648944172505511\surefirebooter-20250602180848180_9.jar"/>
    <property name="user.script" value=""/>
    <property name="sun.management.compiler" value="HotSpot 64-Bit Tiered Compilers"/>
    <property name="java.runtime.version" value="21.0.6+7-LTS"/>
    <property name="user.name" value="FernandoDuarte"/>
    <property name="stdout.encoding" value="Cp1252"/>
    <property name="path.separator" value=";"/>
    <property name="os.version" value="10.0"/>
    <property name="java.runtime.name" value="OpenJDK Runtime Environment"/>
    <property name="file.encoding" value="UTF-8"/>
    <property name="java.vm.name" value="OpenJDK 64-Bit Server VM"/>
    <property name="java.vendor.version" value="Corretto-21.0.6.7.1"/>
    <property name="localRepository" value="C:\Users\FernandoDuarte\.m2\repository"/>
    <property name="java.vendor.url.bug" value="https://github.com/corretto/corretto-21/issues/"/>
    <property name="java.io.tmpdir" value="C:\Users\FERNAN~1\AppData\Local\Temp\"/>
    <property name="java.version" value="21.0.6"/>
    <property name="user.dir" value="D:\MyStuff\ISEL\SisInf\Trabalho\SisInf\scooter\cites-project\app"/>
    <property name="os.arch" value="amd64"/>
    <property name="java.vm.specification.name" value="Java Virtual Machine Specification"/>
    <property name="sun.os.patch.level" value=""/>
    <property name="native.encoding" value="Cp1252"/>
    <property name="java.library.path" value="C:\Program Files\Amazon Corretto\jdk21.0.6_7\bin;C:\Windows\Sun\Java\bin;C:\Windows\system32;C:\Windows;C:\Program Files\Amazon Corretto\jdk21.0.6_7\bin;C:\Program Files (x86)\VMware\VMware Workstation\bin\;C:\Program Files (x86)\Common Files\Oracle\Java\javapath;C:\Windows\system32;C:\Windows;C:\Windows\System32\Wbem;C:\Windows\System32\WindowsPowerShell\v1.0\;C:\Windows\System32\OpenSSH\;C:\Program Files\PuTTY\;C:\Program Files\Intel\WiFi\bin\;C:\Program Files\Common Files\Intel\WirelessCommon\;C:\Program Files\Portugal Identity Card\;C:\Program Files (x86)\CheckPoint\Endpoint Security\Endpoint Common\bin;C:\Program Files\Git\cmd;C:\Program Files\Docker\Docker\resources\bin;C:\Program Files\apache-maven-3.9.9-bin\apache-maven-3.9.9\bin;C:\Users\FernandoDuarte\AppData\Local\Microsoft\WindowsApps;C:\Program Files\Ekahau\Ekahau AI Pro\oda-lib;C:\Program Files (x86)\Nmap;C:\Users\FernandoDuarte\AppData\Local\JetBrains\IntelliJ IDEA 2024.3.3\bin;;."/>
    <property name="java.vm.info" value="mixed mode, sharing"/>
    <property name="stderr.encoding" value="Cp1252"/>
    <property name="java.vendor" value="Amazon.com Inc."/>
    <property name="java.vm.version" value="21.0.6+7-LTS"/>
    <property name="sun.io.unicode.encoding" value="UnicodeLittle"/>
    <property name="java.class.version" value="65.0"/>
  </properties>
  <testcase name="testApp" classname="isel.sisinf.AppTest" time="0.004"/>
</testsuite>